<?xml version="1.0" encoding="UTF-8"?>
<testng-results ignored="0" total="4" passed="4" failed="0" skipped="0">
  <reporter-output>
  </reporter-output>
  <suite started-at="2026-03-04T16:55:07 IST" name="Default suite" finished-at="2026-03-04T16:55:56 IST" duration-ms="48534">
    <groups>
      <group name="cucumber">
        <method signature="AbstractTestNGCucumberTests.runScenario(io.cucumber.testng.PickleWrapper,io.cucumber.testng.FeatureWrapper)[pri:0, instance:runner.TestRunner@58a9760d]" name="runScenario" class="io.cucumber.testng.AbstractTestNGCucumberTests"/>
      </group> <!-- cucumber -->
    </groups>
    <test started-at="2026-03-04T16:55:07 IST" name="Default test" finished-at="2026-03-04T16:55:56 IST" duration-ms="48534">
      <class name="runner.TestRunner">
        <test-method is-config="true" signature="setUpClass(org.testng.ITestContext)[pri:0, instance:runner.TestRunner@58a9760d]" started-at="2026-03-04T16:55:07 IST" name="setUpClass" finished-at="2026-03-04T16:55:09 IST" duration-ms="1838" status="PASS">
          <params>
            <param index="0">
              <value>
                <![CDATA[org.testng.TestRunner@49232c6f]]>
              </value>
            </param>
          </params>
          <reporter-output>
          </reporter-output>
        </test-method> <!-- setUpClass -->
        <test-method signature="runScenario(io.cucumber.testng.PickleWrapper,io.cucumber.testng.FeatureWrapper)[pri:0, instance:runner.TestRunner@58a9760d]" started-at="2026-03-04T16:55:09 IST" name="runScenario" description="Runs Cucumber Scenarios" data-provider="scenarios" finished-at="2026-03-04T16:55:19 IST" duration-ms="10194" status="PASS">
          <params>
            <param index="0">
              <value>
                <![CDATA["Create Article"]]>
              </value>
            </param>
            <param index="1">
              <value>
                <![CDATA["Conduit Article CRUD"]]>
              </value>
            </param>
          </params>
          <reporter-output>
          </reporter-output>
        </test-method> <!-- runScenario -->
        <test-method signature="runScenario(io.cucumber.testng.PickleWrapper,io.cucumber.testng.FeatureWrapper)[pri:0, instance:runner.TestRunner@58a9760d]" started-at="2026-03-04T16:55:19 IST" name="runScenario" description="Runs Cucumber Scenarios" data-provider="scenarios" finished-at="2026-03-04T16:55:31 IST" duration-ms="12261" status="PASS">
          <params>
            <param index="0">
              <value>
                <![CDATA["Create Article"]]>
              </value>
            </param>
            <param index="1">
              <value>
                <![CDATA["Conduit Article CRUD"]]>
              </value>
            </param>
          </params>
          <reporter-output>
          </reporter-output>
        </test-method> <!-- runScenario -->
        <test-method signature="runScenario(io.cucumber.testng.PickleWrapper,io.cucumber.testng.FeatureWrapper)[pri:0, instance:runner.TestRunner@58a9760d]" started-at="2026-03-04T16:55:31 IST" name="runScenario" description="Runs Cucumber Scenarios" data-provider="scenarios" finished-at="2026-03-04T16:55:42 IST" duration-ms="10715" status="PASS">
          <params>
            <param index="0">
              <value>
                <![CDATA["Update Article"]]>
              </value>
            </param>
            <param index="1">
              <value>
                <![CDATA["Conduit Article CRUD"]]>
              </value>
            </param>
          </params>
          <reporter-output>
          </reporter-output>
        </test-method> <!-- runScenario -->
        <test-method signature="runScenario(io.cucumber.testng.PickleWrapper,io.cucumber.testng.FeatureWrapper)[pri:0, instance:runner.TestRunner@58a9760d]" started-at="2026-03-04T16:55:42 IST" name="runScenario" description="Runs Cucumber Scenarios" data-provider="scenarios" finished-at="2026-03-04T16:55:54 IST" duration-ms="12240" status="PASS">
          <params>
            <param index="0">
              <value>
                <![CDATA["Delete Article"]]>
              </value>
            </param>
            <param index="1">
              <value>
                <![CDATA["Conduit Article CRUD"]]>
              </value>
            </param>
          </params>
          <reporter-output>
          </reporter-output>
        </test-method> <!-- runScenario -->
        <test-method is-config="true" signature="tearDownClass()[pri:0, instance:runner.TestRunner@58a9760d]" started-at="2026-03-04T16:55:54 IST" name="tearDownClass" finished-at="2026-03-04T16:55:56 IST" duration-ms="1209" status="PASS">
          <reporter-output>
          </reporter-output>
        </test-method> <!-- tearDownClass -->
      </class> <!-- runner.TestRunner -->
    </test> <!-- Default test -->
  </suite> <!-- Default suite -->
</testng-results>
