<?xml version="1.0" encoding="UTF-8"?>
<!-- Generated by org.testng.reporters.JUnitReportReporter -->
<testsuite hostname="SL22" failures="0" tests="4" name="runner.TestRunner" time="45.410" errors="0" timestamp="2026-03-04T16:55:56 IST" skipped="0">
  <testcase classname="runner.TestRunner" name="runScenario" time="12.261"/>
  <testcase classname="runner.TestRunner" name="runScenario" time="12.240"/>
  <testcase classname="runner.TestRunner" name="runScenario" time="10.194"/>
  <testcase classname="runner.TestRunner" name="runScenario" time="10.715"/>
</testsuite> <!-- runner.TestRunner -->
