<?xml version="1.0" encoding="UTF-8"?>
<!-- Generated by org.testng.reporters.JUnitReportReporter -->
<testsuite hostname="SL22" failures="0" tests="4" name="runner.TestRunner" time="47.429" errors="0" timestamp="2026-03-06T09:16:28 IST" skipped="0">
  <testcase classname="runner.TestRunner" name="runScenario" time="11.275"/>
  <testcase classname="runner.TestRunner" name="runScenario" time="9.417"/>
  <testcase classname="runner.TestRunner" name="runScenario" time="8.837"/>
  <testcase classname="runner.TestRunner" name="runScenario" time="17.900"/>
</testsuite> <!-- runner.TestRunner -->
